<?xml version="1.0" encoding="UTF-8"?>
<!-- Generated by org.testng.reporters.JUnitXMLReporter -->
<testsuite hostname="DESKTOP-QQM0U3Q" name="Default test" tests="2" failures="0" timestamp="12 Nov 2017 17:15:15 GMT" time="20.655" errors="0">
  <testcase name="search on null(TestAutomation.TestAutomationByWD.AppTest)" time="9.367" classname="TestAutomation.TestAutomationByWD.AppTest"/>
  <testcase name="smokeTestForMainPage on null(TestAutomation.TestAutomationByWD.AppTest)" time="2.848" classname="TestAutomation.TestAutomationByWD.AppTest"/>
</testsuite> <!-- Default test -->
