<?xml version="1.0" encoding="UTF-8" ?>
<testsuite tests="4" failures="1" name="TestAutomation.TestAutomationByWD.AppTest" time="0.485" errors="0" skipped="3">
  <properties>
[...]
</properties>
  <testcase classname="TestAutomation.TestAutomationByWD.AppTest" name="startBrowser" time="0">
    <failure message="Can&apos;t find bundle for base name data, locale ru_RU" type="java.util.MissingResourceException">java.util.MissingResourceException: Can&apos;t find bundle for base name data, locale ru_RU
	at java.util.ResourceBundle.throwMissingResourceException(ResourceBundle.java:1564)
	at java.util.ResourceBundle.getBundleImpl(ResourceBundle.java:1387)
	at java.util.ResourceBundle.getBundle(ResourceBundle.java:773)
	at TestAutomation.TestAutomationByWD.AppTest.startBrowser(AppTest.java:35)
</failure>
  </testcase>
  <testcase classname="TestAutomation.TestAutomationByWD.AppTest" name="botForDiman on null" time="0">
    <skipped/>
  </testcase>
  <testcase classname="TestAutomation.TestAutomationByWD.AppTest" name="login on null" time="0">
    <skipped/>
  </testcase>
  <testcase classname="TestAutomation.TestAutomationByWD.AppTest" name="quit" time="0">
    <skipped/>
  </testcase>
</testsuite>